$ ctest --output-on-failure
Test project <path>/build
    Start 1: AddTests.IntTest
1/1 Test #1: AddTests.IntTest .................***Failed    0.00 sec
Running main() from <path>/build/_deps/googletest-src/googletest/src/gtest_main.cc
Note: Google Test filter = AddTests.IntTest
[==========] Running 1 test from 1 test suite.
[----------] Global test environment set-up.
[----------] 1 test from AddTests
[ RUN      ] AddTests.IntTest
<path>/example.cc:12: Failure
Expected equality of these values:
  add(2,3)
    Which is: -1
  5
[  FAILED  ] AddTests.IntTest (0 ms)
[----------] 1 test from AddTests (0 ms total)

[----------] Global test environment tear-down
[==========] 1 test from 1 test suite ran. (0 ms total)
[  PASSED  ] 0 tests.
[  FAILED  ] 1 test, listed below:
[  FAILED  ] AddTests.IntTest

 1 FAILED TEST


0% tests passed, 1 tests failed out of 1

Total Test time (real) =   0.01 sec

The following tests FAILED:
	  1 - AddTests.IntTest (Failed)
Errors while running CTest