

<!DOCTYPE html>
<html class="writer-html5" lang="en" data-content_root="../">
<head>
  <meta charset="utf-8" /><meta name="viewport" content="width=device-width, initial-scale=1" />

  <meta name="viewport" content="width=device-width, initial-scale=1.0" />
  <title>Testing locally &mdash; Automated testing  documentation</title>
      <link rel="stylesheet" type="text/css" href="../_static/pygments.css?v=b86133f3" />
      <link rel="stylesheet" type="text/css" href="../_static/css/theme.css?v=e59714d7" />
      <link rel="stylesheet" type="text/css" href="../_static/mystnb.8ecb98da25f57f5357bf6f572d296f466b2cfe2517ffebfabe82451661e28f02.css" />
      <link rel="stylesheet" type="text/css" href="../_static/copybutton.css?v=949a1ff5" />
      <link rel="stylesheet" type="text/css" href="../_static/togglebutton.css?v=13237357" />
      <link rel="stylesheet" type="text/css" href="../_static/sphinx_lesson.css?v=e9df6548" />
      <link rel="stylesheet" type="text/css" href="../_static/term_role_formatting.css?v=4194e21c" />
      <link rel="stylesheet" type="text/css" href="../_static/sphinx_rtd_theme_ext_color_contrast.css?v=8e8ea19f" />
      <link rel="stylesheet" type="text/css" href="../_static/tabs.css?v=a5c4661c" />

  
    <link rel="shortcut icon" href="../_static/coderefinery.ico"/>
      <script src="../_static/jquery.js?v=5d32c60e"></script>
      <script src="../_static/_sphinx_javascript_frameworks_compat.js?v=2cd50e6c"></script>
      <script src="../_static/documentation_options.js?v=187304be"></script>
      <script src="../_static/doctools.js?v=9a2dae69"></script>
      <script src="../_static/sphinx_highlight.js?v=dc90522c"></script>
      <script src="../_static/clipboard.min.js?v=a7894cd8"></script>
      <script src="../_static/copybutton.js?v=582ca9e2"></script>
      <script src="../_static/minipres.js?v=a0d29692"></script>
      <script>let toggleHintShow = 'Click to show';</script>
      <script>let toggleHintHide = 'Click to hide';</script>
      <script>let toggleOpenOnPrint = 'true';</script>
      <script src="../_static/togglebutton.js?v=4a39c7ea"></script>
      <script>var togglebuttonSelector = '.toggle, .admonition.dropdown';</script>
      <script>var togglebuttonSelector = '.toggle, .admonition.dropdown';</script>
      <script src="../_static/tabs.js?v=3030b3cb"></script>
    <script src="../_static/js/theme.js"></script>
    <link rel="index" title="Index" href="../genindex/" />
    <link rel="search" title="Search" href="../search/" />
    <link rel="next" title="Automated testing" href="../continuous-integration/" />
    <link rel="prev" title="Motivation" href="../motivation/" /> 
</head>

<body class="wy-body-for-nav"> 
  <div class="wy-grid-for-nav">
    <nav data-toggle="wy-nav-shift" class="wy-nav-side">
      <div class="wy-side-scroll">
        <div class="wy-side-nav-search" >

          
          
          <a href="../" class="icon icon-home">
            Automated testing
          </a>
<div role="search">
  <form id="rtd-search-form" class="wy-form" action="../search/" method="get">
    <input type="text" name="q" placeholder="Search docs" aria-label="Search docs" />
    <input type="hidden" name="check_keywords" value="yes" />
    <input type="hidden" name="area" value="default" />
  </form>
</div>
        </div><div class="wy-menu wy-menu-vertical" data-spy="affix" role="navigation" aria-label="Navigation menu">
              <p class="caption" role="heading"><span class="caption-text">The lesson</span></p>
<ul class="current">
<li class="toctree-l1"><a class="reference internal" href="../motivation/">Motivation</a></li>
<li class="toctree-l1 current"><a class="current reference internal" href="#">Testing locally</a><ul>
<li class="toctree-l2"><a class="reference internal" href="#exercise">Exercise</a></li>
</ul>
</li>
<li class="toctree-l1"><a class="reference internal" href="../continuous-integration/">Automated testing</a></li>
<li class="toctree-l1"><a class="reference internal" href="../test-design/">Test design</a></li>
<li class="toctree-l1"><a class="reference internal" href="../conclusions/">Conclusions and recommendations</a></li>
<li class="toctree-l1"><a class="reference internal" href="../full-cycle-ci/">(Optional) Full-cycle collaborative workflow</a></li>
</ul>
<p class="caption" role="heading"><span class="caption-text">Reference</span></p>
<ul>
<li class="toctree-l1"><a class="reference external" href="https://youtu.be/xbTTDLA3txI">Shell crash course</a></li>
<li class="toctree-l1"><a class="reference internal" href="../exercises/">List of exercises</a></li>
<li class="toctree-l1"><a class="reference internal" href="../quick-reference/">Quick Reference</a></li>
<li class="toctree-l1"><a class="reference internal" href="../guide/">Instructor guide</a></li>
</ul>
<p class="caption" role="heading"><span class="caption-text">About</span></p>
<ul>
<li class="toctree-l1"><a class="reference external" href="https://coderefinery.org/lessons/core/">All lessons</a></li>
<li class="toctree-l1"><a class="reference external" href="https://coderefinery.org/">CodeRefinery</a></li>
<li class="toctree-l1"><a class="reference external" href="https://coderefinery.org/lessons/reusing/">Reusing</a></li>
</ul>

        </div>
      </div>
    </nav>

    <section data-toggle="wy-nav-shift" class="wy-nav-content-wrap"><nav class="wy-nav-top" aria-label="Mobile navigation menu" >
          <i data-toggle="wy-nav-top" class="fa fa-bars"></i>
          <a href="../">Automated testing</a>
      </nav>

      <div class="wy-nav-content">
        <div class="rst-content">
          <div role="navigation" aria-label="Page navigation">
  <ul class="wy-breadcrumbs">
      <li><a href="../" class="icon icon-home" aria-label="Home"></a></li>
      <li class="breadcrumb-item active">Testing locally</li>
      <li class="wy-breadcrumbs-aside">
              <a href="https://github.com/coderefinery/testing/blob/main/content/locally.md" class="fa fa-github"> Edit on GitHub</a>
      </li>
  </ul>
  <hr/>
</div>
          <div role="main" class="document" itemscope="itemscope" itemtype="http://schema.org/Article">
           <div itemprop="articleBody">
             
  <section id="testing-locally">
<h1>Testing locally<a class="headerlink" href="#testing-locally" title="Link to this heading">ÔÉÅ</a></h1>
<div class="admonition-questions questions admonition" id="questions-0">
<p class="admonition-title">Questions</p>
<ul class="simple">
<li><p>How hard is it to set up a test suite for a first unit test?</p></li>
</ul>
</div>
<section id="exercise">
<h2>Exercise<a class="headerlink" href="#exercise" title="Link to this heading">ÔÉÅ</a></h2>
<p>In this exercise we will make a simple function and use
one of the language specific test frameworks to test it.</p>
<ul class="simple">
<li><p>This is easy to use by almost any project and doesn‚Äôt rely on any
other servers or services.</p></li>
<li><p>The downside is that you have to remember to run it yourself.</p></li>
</ul>
<div class="admonition-local-1-create-a-minimal-example-15-min exercise important admonition" id="exercise-0">
<p class="admonition-title">Local-1: Create a minimal example (15 min)</p>
<p>In this exercise, we will create a minimal example using
the <a class="reference external" href="http://doc.pytest.org">pytest</a>, run the test, and show what
happens when a test breaks.</p>
<ol class="arabic">
<li><p>Create a new directory and change into it:</p>
<div class="highlight-console notranslate"><div class="highlight"><pre><span></span><span class="gp">$ </span>mkdir<span class="w"> </span>local-testing-example
<span class="gp">$ </span><span class="nb">cd</span><span class="w"> </span>local-testing-example
</pre></div>
</div>
</li>
<li><p>Create an example file and paste the following code into it</p></li>
</ol>
<div class="sphinx-tabs docutils container">
<div aria-label="Tabbed content" class="closeable" role="tablist"><button aria-controls="panel-0-UHl0aG9u" aria-selected="true" class="sphinx-tabs-tab group-tab" id="tab-0-UHl0aG9u" name="UHl0aG9u" role="tab" tabindex="0">Python</button><button aria-controls="panel-0-Ug==" aria-selected="false" class="sphinx-tabs-tab group-tab" id="tab-0-Ug==" name="Ug==" role="tab" tabindex="-1">R</button><button aria-controls="panel-0-SnVsaWE=" aria-selected="false" class="sphinx-tabs-tab group-tab" id="tab-0-SnVsaWE=" name="SnVsaWE=" role="tab" tabindex="-1">Julia</button><button aria-controls="panel-0-Qysr" aria-selected="false" class="sphinx-tabs-tab group-tab" id="tab-0-Qysr" name="Qysr" role="tab" tabindex="-1">C++</button></div><div aria-labelledby="tab-0-UHl0aG9u" class="sphinx-tabs-panel group-tab" id="panel-0-UHl0aG9u" name="UHl0aG9u" role="tabpanel" tabindex="0"><p>Create <code class="docutils literal notranslate"><span class="pre">example.py</span></code> with content</p>
<div class="highlight-python notranslate"><div class="highlight"><pre><span></span><span class="k">def</span><span class="w"> </span><span class="nf">add</span><span class="p">(</span><span class="n">a</span><span class="p">,</span> <span class="n">b</span><span class="p">):</span>
    <span class="k">return</span> <span class="n">a</span> <span class="o">+</span> <span class="n">b</span>

<span class="k">def</span><span class="w"> </span><span class="nf">test_add</span><span class="p">():</span>
    <span class="k">assert</span> <span class="n">add</span><span class="p">(</span><span class="mi">2</span><span class="p">,</span> <span class="mi">3</span><span class="p">)</span> <span class="o">==</span> <span class="mi">5</span>
    <span class="k">assert</span> <span class="n">add</span><span class="p">(</span><span class="s1">&#39;space&#39;</span><span class="p">,</span> <span class="s1">&#39;ship&#39;</span><span class="p">)</span> <span class="o">==</span> <span class="s1">&#39;spaceship&#39;</span>
</pre></div>
</div>
<p>This code contains one genuine function and a test function.
<code class="docutils literal notranslate"><span class="pre">pytest</span></code> finds any functions beginning with <code class="docutils literal notranslate"><span class="pre">test_</span></code> and treats them
as tests.</p>
</div><div aria-labelledby="tab-0-Ug==" class="sphinx-tabs-panel group-tab" hidden="true" id="panel-0-Ug==" name="Ug==" role="tabpanel" tabindex="0"><p>Create <code class="docutils literal notranslate"><span class="pre">example.R</span></code> with content</p>
<div class="highlight-R notranslate"><div class="highlight"><pre><span></span><span class="kr">if</span><span class="w"> </span><span class="p">(</span><span class="o">!</span><span class="nf">require</span><span class="p">(</span><span class="n">testthat</span><span class="p">))</span><span class="w"> </span><span class="nf">install.packages</span><span class="p">(</span><span class="n">testthat</span><span class="p">)</span>
<span class="n">add</span><span class="w"> </span><span class="o">&lt;-</span><span class="w"> </span><span class="kr">function</span><span class="p">(</span><span class="n">a</span><span class="p">,</span><span class="w"> </span><span class="n">b</span><span class="p">)</span><span class="w"> </span><span class="p">{</span>
<span class="w">    </span><span class="kr">return</span><span class="p">(</span><span class="n">a</span><span class="w"> </span><span class="o">+</span><span class="w"> </span><span class="n">b</span><span class="p">)</span>
<span class="p">}</span>

<span class="nf">test_that</span><span class="p">(</span><span class="s">&quot;Adding integers works&quot;</span><span class="p">,</span><span class="w"> </span><span class="p">{</span>
<span class="w">    </span><span class="n">res</span><span class="w"> </span><span class="o">&lt;-</span><span class="w"> </span><span class="nf">add</span><span class="p">(</span><span class="m">2</span><span class="p">,</span><span class="w"> </span><span class="m">3</span><span class="p">)</span>

<span class="w">    </span><span class="c1"># Test that the result has the correct value</span>
<span class="w">    </span><span class="nf">expect_identical</span><span class="p">(</span><span class="n">res</span><span class="p">,</span><span class="w"> </span><span class="m">5</span><span class="p">)</span>

<span class="w">    </span><span class="c1"># Test that the result is numeric</span>
<span class="w">    </span><span class="nf">expect_true</span><span class="p">(</span><span class="nf">is.numeric</span><span class="p">(</span><span class="n">res</span><span class="p">))</span>
<span class="p">})</span>
</pre></div>
</div>
<p>A test with <code class="docutils literal notranslate"><span class="pre">testthat</span></code> is created by calling
<code class="docutils literal notranslate"><span class="pre">test_that()</span></code> with a test name and code as arguments.</p>
</div><div aria-labelledby="tab-0-SnVsaWE=" class="sphinx-tabs-panel group-tab" hidden="true" id="panel-0-SnVsaWE=" name="SnVsaWE=" role="tabpanel" tabindex="0"><p>Create <code class="docutils literal notranslate"><span class="pre">example.jl</span></code> with content</p>
<div class="highlight-Julia notranslate"><div class="highlight"><pre><span></span><span class="k">function</span><span class="w"> </span><span class="n">myadd</span><span class="p">(</span><span class="n">a</span><span class="p">,</span><span class="n">b</span><span class="p">)</span><span class="w"> </span>
<span class="w">    </span><span class="k">return</span><span class="w"> </span><span class="n">a</span><span class="o">+</span><span class="n">b</span>
<span class="k">end</span>

<span class="k">using</span><span class="w"> </span><span class="n">Test</span>
<span class="nd">@testset</span><span class="w"> </span><span class="s">&quot;myadd&quot;</span><span class="w"> </span><span class="k">begin</span>
<span class="w">    </span><span class="nd">@test</span><span class="w"> </span><span class="n">myadd</span><span class="p">(</span><span class="mi">2</span><span class="p">,</span><span class="mi">3</span><span class="p">)</span><span class="w"> </span><span class="o">==</span><span class="w"> </span><span class="mi">5</span>
<span class="k">end</span>
</pre></div>
</div>
<p>The package <code class="docutils literal notranslate"><span class="pre">Test.jl</span></code> handles all testing.
A test(set) is added with <code class="docutils literal notranslate"><span class="pre">&#64;testset</span></code>
and a test itself with <code class="docutils literal notranslate"><span class="pre">&#64;test</span></code>.</p>
</div><div aria-labelledby="tab-0-Qysr" class="sphinx-tabs-panel group-tab" hidden="true" id="panel-0-Qysr" name="Qysr" role="tabpanel" tabindex="0"><div class="sphinx-tabs docutils container">
<div aria-label="Tabbed content" class="closeable" role="tablist"><button aria-controls="panel-1-Q2F0Y2gy" aria-selected="true" class="sphinx-tabs-tab group-tab" id="tab-1-Q2F0Y2gy" name="Q2F0Y2gy" role="tab" tabindex="0">Catch2</button><button aria-controls="panel-1-R29vZ2xlVGVzdA==" aria-selected="false" class="sphinx-tabs-tab group-tab" id="tab-1-R29vZ2xlVGVzdA==" name="R29vZ2xlVGVzdA==" role="tab" tabindex="-1">GoogleTest</button></div><div aria-labelledby="tab-1-Q2F0Y2gy" class="sphinx-tabs-panel group-tab" id="panel-1-Q2F0Y2gy" name="Q2F0Y2gy" role="tabpanel" tabindex="0"><p>Create <code class="docutils literal notranslate"><span class="pre">example.cc</span></code> with content</p>
<div class="highlight-cpp notranslate"><div class="highlight"><pre><span></span><span class="cp">#include</span><span class="w"> </span><span class="cpf">&lt;catch2/catch_test_macros.hpp&gt;</span>

<span class="k">template</span><span class="o">&lt;</span><span class="k">typename</span><span class="w"> </span><span class="nc">Number</span><span class="o">&gt;</span>
<span class="n">Number</span>
<span class="n">add</span><span class="p">(</span><span class="n">Number</span><span class="w"> </span><span class="n">a</span><span class="p">,</span><span class="w"> </span><span class="n">Number</span><span class="w"> </span><span class="n">b</span><span class="p">)</span>
<span class="p">{</span>
<span class="w">  </span><span class="k">return</span><span class="w"> </span><span class="n">a</span><span class="w"> </span><span class="o">+</span><span class="w"> </span><span class="n">b</span><span class="p">;</span>
<span class="p">}</span><span class="w">    </span>

<span class="n">TEST_CASE</span><span class="p">(</span><span class="s">&quot;IntTest&quot;</span><span class="p">,</span><span class="w"> </span><span class="s">&quot;[add]&quot;</span><span class="p">)</span>
<span class="p">{</span>
<span class="w">  </span><span class="n">REQUIRE</span><span class="p">(</span><span class="n">add</span><span class="p">(</span><span class="mi">2</span><span class="p">,</span><span class="mi">3</span><span class="p">)</span><span class="o">==</span><span class="mi">5</span><span class="p">);</span>
<span class="p">}</span>
</pre></div>
</div>
<p>and <code class="docutils literal notranslate"><span class="pre">CMakeLists.txt</span></code> with content</p>
<div class="highlight-cmake notranslate"><div class="highlight"><pre><span></span><span class="nb">cmake_minimum_required</span><span class="p">(</span><span class="s">VERSION</span><span class="w"> </span><span class="s">3.14</span><span class="p">)</span>
<span class="nb">project</span><span class="p">(</span><span class="s">test_example</span><span class="w"> </span><span class="s">CXX</span><span class="p">)</span>

<span class="nb">cmake_policy</span><span class="p">(</span><span class="s">SET</span><span class="w"> </span><span class="s">CMP0135</span><span class="w"> </span><span class="s">OLD</span><span class="p">)</span>

<span class="c">#Tell CMake to Download Catch2 library</span>
<span class="nb">include</span><span class="p">(</span><span class="s">FetchContent</span><span class="p">)</span>
<span class="nb">FetchContent_Declare</span><span class="p">(</span>
<span class="w">    </span><span class="s">Catch2</span>
<span class="w">    </span><span class="s">GIT_REPOSITORY</span><span class="w"> </span><span class="s">https://github.com/catchorg/Catch2.git</span>
<span class="w">    </span><span class="s">GIT_TAG</span><span class="w">        </span><span class="s">v3.4.0</span><span class="w"> </span><span class="c"># or a later release</span>
<span class="p">)</span>
<span class="nb">FetchContent_MakeAvailable</span><span class="p">(</span><span class="s">Catch2</span><span class="p">)</span>

<span class="c">#Setup testing</span>
<span class="nb">enable_testing</span><span class="p">()</span>
<span class="c">#add test executable</span>
<span class="nb">add_executable</span><span class="p">(</span><span class="s">example</span><span class="w"> </span><span class="s">example.cc</span><span class="p">)</span>
<span class="c">#link Catch2 to example</span>
<span class="nb">target_link_libraries</span><span class="p">(</span><span class="s">example</span><span class="w"> </span><span class="s">PRIVATE</span><span class="w"> </span><span class="s">Catch2::Catch2WithMain</span><span class="p">)</span>
<span class="c">#Make Catch2 look for tests</span>
<span class="nb">include</span><span class="p">(</span><span class="s">Catch</span><span class="p">)</span>
<span class="nb">catch_discover_tests</span><span class="p">(</span><span class="s">example</span><span class="p">)</span>
</pre></div>
</div>
</div><div aria-labelledby="tab-1-R29vZ2xlVGVzdA==" class="sphinx-tabs-panel group-tab" hidden="true" id="panel-1-R29vZ2xlVGVzdA==" name="R29vZ2xlVGVzdA==" role="tabpanel" tabindex="0"><p>Create <code class="docutils literal notranslate"><span class="pre">example.cc</span></code> with content</p>
<div class="highlight-cpp notranslate"><div class="highlight"><pre><span></span><span class="cp">#include</span><span class="w"> </span><span class="cpf">&lt;gtest/gtest.h&gt;</span>

<span class="k">template</span><span class="o">&lt;</span><span class="k">typename</span><span class="w"> </span><span class="nc">Number</span><span class="o">&gt;</span>
<span class="n">Number</span>
<span class="n">add</span><span class="p">(</span><span class="n">Number</span><span class="w"> </span><span class="n">a</span><span class="p">,</span><span class="w"> </span><span class="n">Number</span><span class="w"> </span><span class="n">b</span><span class="p">)</span>
<span class="p">{</span>
<span class="w">  </span><span class="k">return</span><span class="w"> </span><span class="n">a</span><span class="w"> </span><span class="o">+</span><span class="w"> </span><span class="n">b</span><span class="p">;</span>
<span class="p">}</span><span class="w">    </span>

<span class="n">TEST</span><span class="p">(</span><span class="n">AddTests</span><span class="p">,</span><span class="w"> </span><span class="n">IntTest</span><span class="p">)</span>
<span class="p">{</span>
<span class="w">  </span><span class="n">ASSERT_EQ</span><span class="p">(</span><span class="n">add</span><span class="p">(</span><span class="mi">2</span><span class="p">,</span><span class="mi">3</span><span class="p">),</span><span class="mi">5</span><span class="p">);</span>
<span class="p">}</span>
</pre></div>
</div>
<p>and <code class="docutils literal notranslate"><span class="pre">CMakeLists.txt</span></code> with content</p>
<div class="highlight-cmake notranslate"><div class="highlight"><pre><span></span><span class="nb">cmake_minimum_required</span><span class="p">(</span><span class="s">VERSION</span><span class="w"> </span><span class="s">3.14</span><span class="p">)</span>
<span class="nb">project</span><span class="p">(</span><span class="s">test_example</span><span class="w"> </span><span class="s">CXX</span><span class="p">)</span>

<span class="nb">cmake_policy</span><span class="p">(</span><span class="s">SET</span><span class="w"> </span><span class="s">CMP0135</span><span class="w"> </span><span class="s">OLD</span><span class="p">)</span>

<span class="c">#Tell CMake to Download Googletest library</span>
<span class="nb">include</span><span class="p">(</span><span class="s">FetchContent</span><span class="p">)</span>
<span class="nb">FetchContent_Declare</span><span class="p">(</span>
<span class="w">    </span><span class="s">googletest</span>
<span class="w">    </span><span class="s">URL</span><span class="w"> </span><span class="s">https://github.com/google/googletest/archive/03597a01ee50ed33e9dfd640b249b4be3799d395.zip</span>
<span class="p">)</span>
<span class="c"># For Windows: Prevent overriding the parent project&#39;s compiler/linker settings</span>
<span class="nb">set</span><span class="p">(</span><span class="s">gtest_force_shared_crt</span><span class="w"> </span><span class="s">ON</span><span class="w"> </span><span class="s">CACHE</span><span class="w"> </span><span class="s">BOOL</span><span class="w"> </span><span class="s2">&quot;&quot;</span><span class="w"> </span><span class="s">FORCE</span><span class="p">)</span>
<span class="nb">FetchContent_MakeAvailable</span><span class="p">(</span><span class="s">googletest</span><span class="p">)</span>

<span class="c">#Setup testing</span>
<span class="nb">enable_testing</span><span class="p">()</span>
<span class="c">#add test executable</span>
<span class="nb">add_executable</span><span class="p">(</span><span class="s">example</span><span class="w"> </span><span class="s">example.cc</span><span class="p">)</span>
<span class="c">#link Googletest to example</span>
<span class="nb">target_link_libraries</span><span class="p">(</span><span class="s">example</span><span class="w"> </span><span class="s">GTest::gtest_main</span><span class="p">)</span>
<span class="c">#Make googletest look for tests</span>
<span class="nb">include</span><span class="p">(</span><span class="s">GoogleTest</span><span class="p">)</span>
<span class="nb">gtest_discover_tests</span><span class="p">(</span><span class="s">example</span><span class="p">)</span>
</pre></div>
</div>
</div></div>
</div></div>
<ol class="arabic simple" start="3">
<li><p>Run the test</p></li>
</ol>
<div class="sphinx-tabs docutils container">
<div aria-label="Tabbed content" class="closeable" role="tablist"><button aria-controls="panel-2-UHl0aG9u" aria-selected="true" class="sphinx-tabs-tab group-tab" id="tab-2-UHl0aG9u" name="UHl0aG9u" role="tab" tabindex="0">Python</button><button aria-controls="panel-2-Ug==" aria-selected="false" class="sphinx-tabs-tab group-tab" id="tab-2-Ug==" name="Ug==" role="tab" tabindex="-1">R</button><button aria-controls="panel-2-SnVsaWE=" aria-selected="false" class="sphinx-tabs-tab group-tab" id="tab-2-SnVsaWE=" name="SnVsaWE=" role="tab" tabindex="-1">Julia</button><button aria-controls="panel-2-Qysr" aria-selected="false" class="sphinx-tabs-tab group-tab" id="tab-2-Qysr" name="Qysr" role="tab" tabindex="-1">C++</button></div><div aria-labelledby="tab-2-UHl0aG9u" class="sphinx-tabs-panel group-tab" id="panel-2-UHl0aG9u" name="UHl0aG9u" role="tabpanel" tabindex="0"><div class="highlight-console notranslate"><div class="highlight"><pre><span></span><span class="gp">$ </span>pytest<span class="w"> </span>-v<span class="w"> </span>example.py

<span class="go">============================================================ test session starts =================================</span>
<span class="go">platform linux -- Python 3.7.2, pytest-4.3.1, py-1.8.0, pluggy-0.9.0 -- /home/user/pytest-example/venv/bin/python3</span>
<span class="go">cachedir: .pytest_cache</span>
<span class="go">rootdir: /home/user/pytest-example, inifile:</span>
<span class="go">collected 1 item</span>

<span class="go">example.py::test_add PASSED</span>

<span class="go">========================================================= 1 passed in 0.01 seconds ===============================</span>
</pre></div>
</div>
<p>Yay! The test passed!</p>
<p>Hint for participants trying this inside Spyder or IPython: try <code class="docutils literal notranslate"><span class="pre">!pytest</span> <span class="pre">-v</span> <span class="pre">example.py</span></code>.</p>
</div><div aria-labelledby="tab-2-Ug==" class="sphinx-tabs-panel group-tab" hidden="true" id="panel-2-Ug==" name="Ug==" role="tabpanel" tabindex="0"><div class="highlight-console notranslate"><div class="highlight"><pre><span></span><span class="gp">$ </span>Rscript<span class="w"> </span>example.R<span class="w"> </span>

<span class="go">Loading required package: testthat</span>
<span class="go">Test passed üéâ </span>
</pre></div>
</div>
<p>Yay! The test passed!</p>
<p>Note that the emoji is random and might be different for you.</p>
</div><div aria-labelledby="tab-2-SnVsaWE=" class="sphinx-tabs-panel group-tab" hidden="true" id="panel-2-SnVsaWE=" name="SnVsaWE=" role="tabpanel" tabindex="0"><div class="highlight-console notranslate"><div class="highlight"><pre><span></span><span class="gp">$ </span>julia<span class="w"> </span>example.jl<span class="w"> </span>

<span class="go">Test Summary: | Pass  Total  Time</span>
<span class="go">myadd         |    1      1  0.0s</span>
</pre></div>
</div>
<p>Yay! The test passed!</p>
</div><div aria-labelledby="tab-2-Qysr" class="sphinx-tabs-panel group-tab" hidden="true" id="panel-2-Qysr" name="Qysr" role="tabpanel" tabindex="0"><p>As this is the only compiled language in the examples we have to do a few more steps.</p>
<div class="sphinx-tabs docutils container">
<div aria-label="Tabbed content" class="closeable" role="tablist"><button aria-controls="panel-3-Q2F0Y2gy" aria-selected="true" class="sphinx-tabs-tab group-tab" id="tab-3-Q2F0Y2gy" name="Q2F0Y2gy" role="tab" tabindex="0">Catch2</button><button aria-controls="panel-3-R29vZ2xlVGVzdA==" aria-selected="false" class="sphinx-tabs-tab group-tab" id="tab-3-R29vZ2xlVGVzdA==" name="R29vZ2xlVGVzdA==" role="tab" tabindex="-1">GoogleTest</button></div><div aria-labelledby="tab-3-Q2F0Y2gy" class="sphinx-tabs-panel group-tab" id="panel-3-Q2F0Y2gy" name="Q2F0Y2gy" role="tabpanel" tabindex="0"><p>Starting with the configure step of CMake
(Note that <code class="docutils literal notranslate"><span class="pre">&lt;path&gt;</span></code> will be different for everyone)</p>
<div class="highlight-console notranslate"><div class="highlight"><pre><span></span><span class="gp">$ </span>cmake<span class="w"> </span>-S.<span class="w"> </span>-Bbuild
<span class="go">-- The CXX compiler identification is GNU 13.2.0</span>
<span class="go">-- Detecting CXX compiler ABI info</span>
<span class="go">-- Detecting CXX compiler ABI info - done</span>
<span class="go">-- Check for working CXX compiler: /usr/bin/c++ - skipped</span>
<span class="go">-- Detecting CXX compile features</span>
<span class="go">-- Detecting CXX compile features - done</span>
<span class="go">-- Performing Test HAVE_FLAG__ffile_prefix_map__&lt;path&gt;_build__deps_catch2_src__</span>
<span class="go">-- Performing Test HAVE_FLAG__ffile_prefix_map__&lt;path&gt;_build__deps_catch2_src__ - Success</span>
<span class="go">-- Configuring done (4.1s)</span>
<span class="go">-- Generating done (0.0s)</span>
<span class="go">-- Build files have been written to: &lt;path&gt;/build</span>
</pre></div>
</div>
<p>and the build step which will also download Catch2 on the first run</p>
<div class="highlight-console notranslate"><div class="highlight"><pre><span></span><span class="gp">$ </span>cmake<span class="w"> </span>--build<span class="w"> </span>build
<span class="go">[  0%] Building CXX object _deps/catch2-build/src/CMakeFiles/Catch2.dir/catch2/benchmark/catch_chronometer.cpp.o</span>
<span class="go">[  1%] Building CXX object _deps/catch2-build/src/CMakeFiles/Catch2.dir/catch2/benchmark/detail/catch_benchmark_function.cpp.o</span>
<span class="go">[  2%] Building CXX object _deps/catch2-build/src/CMakeFiles/Catch2.dir/catch2/benchmark/detail/catch_run_for_at_least.cpp.o</span>
<span class="go">[  3%] Building CXX object _deps/catch2-build/src/CMakeFiles/Catch2.dir/catch2/benchmark/detail/catch_stats.cpp.o</span>
<span class="go">[  4%] Building CXX object _deps/catch2-build/src/CMakeFiles/Catch2.dir/catch2/generators/catch_generator_exception.cpp.o</span>
<span class="go">[  5%] Building CXX object _deps/catch2-build/src/CMakeFiles/Catch2.dir/catch2/generators/catch_generators.cpp.o</span>
<span class="go">[  6%] Building CXX object _deps/catch2-build/src/CMakeFiles/Catch2.dir/catch2/generators/catch_generators_random.cpp.o</span>
<span class="go">[  7%] Building CXX object _deps/catch2-build/src/CMakeFiles/Catch2.dir/catch2/reporters/catch_reporter_automake.cpp.o</span>
<span class="go">[  8%] Building CXX object _deps/catch2-build/src/CMakeFiles/Catch2.dir/catch2/reporters/catch_reporter_common_base.cpp.o</span>
<span class="go">[  9%] Building CXX object _deps/catch2-build/src/CMakeFiles/Catch2.dir/catch2/reporters/catch_reporter_compact.cpp.o</span>
<span class="go">[ 10%] Building CXX object _deps/catch2-build/src/CMakeFiles/Catch2.dir/catch2/reporters/catch_reporter_console.cpp.o</span>
<span class="go">[ 11%] Building CXX object _deps/catch2-build/src/CMakeFiles/Catch2.dir/catch2/reporters/catch_reporter_cumulative_base.cpp.o</span>
<span class="go">[ 12%] Building CXX object _deps/catch2-build/src/CMakeFiles/Catch2.dir/catch2/reporters/catch_reporter_event_listener.cpp.o</span>
<span class="go">[ 12%] Building CXX object _deps/catch2-build/src/CMakeFiles/Catch2.dir/catch2/reporters/catch_reporter_helpers.cpp.o</span>
<span class="go">[ 13%] Building CXX object _deps/catch2-build/src/CMakeFiles/Catch2.dir/catch2/reporters/catch_reporter_junit.cpp.o</span>
<span class="go">[ 14%] Building CXX object _deps/catch2-build/src/CMakeFiles/Catch2.dir/catch2/reporters/catch_reporter_multi.cpp.o</span>
<span class="go">[ 15%] Building CXX object _deps/catch2-build/src/CMakeFiles/Catch2.dir/catch2/reporters/catch_reporter_registrars.cpp.o</span>
<span class="go">[ 16%] Building CXX object _deps/catch2-build/src/CMakeFiles/Catch2.dir/catch2/reporters/catch_reporter_sonarqube.cpp.o</span>
<span class="go">[ 17%] Building CXX object _deps/catch2-build/src/CMakeFiles/Catch2.dir/catch2/reporters/catch_reporter_streaming_base.cpp.o</span>
<span class="go">[ 18%] Building CXX object _deps/catch2-build/src/CMakeFiles/Catch2.dir/catch2/reporters/catch_reporter_tap.cpp.o</span>
<span class="go">[ 19%] Building CXX object _deps/catch2-build/src/CMakeFiles/Catch2.dir/catch2/reporters/catch_reporter_teamcity.cpp.o</span>
<span class="go">[ 20%] Building CXX object _deps/catch2-build/src/CMakeFiles/Catch2.dir/catch2/reporters/catch_reporter_xml.cpp.o</span>
<span class="go">[ 21%] Building CXX object _deps/catch2-build/src/CMakeFiles/Catch2.dir/catch2/interfaces/catch_interfaces_capture.cpp.o</span>
<span class="go">[ 22%] Building CXX object _deps/catch2-build/src/CMakeFiles/Catch2.dir/catch2/interfaces/catch_interfaces_config.cpp.o</span>
<span class="go">[ 23%] Building CXX object _deps/catch2-build/src/CMakeFiles/Catch2.dir/catch2/interfaces/catch_interfaces_exception.cpp.o</span>
<span class="go">[ 24%] Building CXX object _deps/catch2-build/src/CMakeFiles/Catch2.dir/catch2/interfaces/catch_interfaces_generatortracker.cpp.o</span>
<span class="go">[ 25%] Building CXX object _deps/catch2-build/src/CMakeFiles/Catch2.dir/catch2/interfaces/catch_interfaces_registry_hub.cpp.o</span>
<span class="go">[ 25%] Building CXX object _deps/catch2-build/src/CMakeFiles/Catch2.dir/catch2/interfaces/catch_interfaces_reporter.cpp.o</span>
<span class="go">[ 26%] Building CXX object _deps/catch2-build/src/CMakeFiles/Catch2.dir/catch2/interfaces/catch_interfaces_reporter_factory.cpp.o</span>
<span class="go">[ 27%] Building CXX object _deps/catch2-build/src/CMakeFiles/Catch2.dir/catch2/interfaces/catch_interfaces_testcase.cpp.o</span>
<span class="go">[ 28%] Building CXX object _deps/catch2-build/src/CMakeFiles/Catch2.dir/catch2/catch_approx.cpp.o</span>
<span class="go">[ 29%] Building CXX object _deps/catch2-build/src/CMakeFiles/Catch2.dir/catch2/catch_assertion_result.cpp.o</span>
<span class="go">[ 30%] Building CXX object _deps/catch2-build/src/CMakeFiles/Catch2.dir/catch2/catch_config.cpp.o</span>
<span class="go">[ 31%] Building CXX object _deps/catch2-build/src/CMakeFiles/Catch2.dir/catch2/catch_get_random_seed.cpp.o</span>
<span class="go">[ 32%] Building CXX object _deps/catch2-build/src/CMakeFiles/Catch2.dir/catch2/catch_message.cpp.o</span>
<span class="go">[ 33%] Building CXX object _deps/catch2-build/src/CMakeFiles/Catch2.dir/catch2/catch_registry_hub.cpp.o</span>
<span class="go">[ 34%] Building CXX object _deps/catch2-build/src/CMakeFiles/Catch2.dir/catch2/catch_session.cpp.o</span>
<span class="go">[ 35%] Building CXX object _deps/catch2-build/src/CMakeFiles/Catch2.dir/catch2/catch_tag_alias_autoregistrar.cpp.o</span>
<span class="go">[ 36%] Building CXX object _deps/catch2-build/src/CMakeFiles/Catch2.dir/catch2/catch_test_case_info.cpp.o</span>
<span class="go">[ 37%] Building CXX object _deps/catch2-build/src/CMakeFiles/Catch2.dir/catch2/catch_test_spec.cpp.o</span>
<span class="go">[ 37%] Building CXX object _deps/catch2-build/src/CMakeFiles/Catch2.dir/catch2/catch_timer.cpp.o</span>
<span class="go">[ 38%] Building CXX object _deps/catch2-build/src/CMakeFiles/Catch2.dir/catch2/catch_tostring.cpp.o</span>
<span class="go">[ 39%] Building CXX object _deps/catch2-build/src/CMakeFiles/Catch2.dir/catch2/catch_totals.cpp.o</span>
<span class="go">[ 40%] Building CXX object _deps/catch2-build/src/CMakeFiles/Catch2.dir/catch2/catch_translate_exception.cpp.o</span>
<span class="go">[ 41%] Building CXX object _deps/catch2-build/src/CMakeFiles/Catch2.dir/catch2/catch_version.cpp.o</span>
<span class="go">[ 42%] Building CXX object _deps/catch2-build/src/CMakeFiles/Catch2.dir/catch2/internal/catch_assertion_handler.cpp.o</span>
<span class="go">[ 43%] Building CXX object _deps/catch2-build/src/CMakeFiles/Catch2.dir/catch2/internal/catch_case_insensitive_comparisons.cpp.o</span>
<span class="go">[ 44%] Building CXX object _deps/catch2-build/src/CMakeFiles/Catch2.dir/catch2/internal/catch_clara.cpp.o</span>
<span class="go">[ 45%] Building CXX object _deps/catch2-build/src/CMakeFiles/Catch2.dir/catch2/internal/catch_commandline.cpp.o</span>
<span class="go">[ 46%] Building CXX object _deps/catch2-build/src/CMakeFiles/Catch2.dir/catch2/internal/catch_console_colour.cpp.o</span>
<span class="go">[ 47%] Building CXX object _deps/catch2-build/src/CMakeFiles/Catch2.dir/catch2/internal/catch_context.cpp.o</span>
<span class="go">[ 48%] Building CXX object _deps/catch2-build/src/CMakeFiles/Catch2.dir/catch2/internal/catch_debug_console.cpp.o</span>
<span class="go">[ 49%] Building CXX object _deps/catch2-build/src/CMakeFiles/Catch2.dir/catch2/internal/catch_debugger.cpp.o</span>
<span class="go">[ 50%] Building CXX object _deps/catch2-build/src/CMakeFiles/Catch2.dir/catch2/internal/catch_decomposer.cpp.o</span>
<span class="go">[ 50%] Building CXX object _deps/catch2-build/src/CMakeFiles/Catch2.dir/catch2/internal/catch_enforce.cpp.o</span>
<span class="go">[ 51%] Building CXX object _deps/catch2-build/src/CMakeFiles/Catch2.dir/catch2/internal/catch_enum_values_registry.cpp.o</span>
<span class="go">[ 52%] Building CXX object _deps/catch2-build/src/CMakeFiles/Catch2.dir/catch2/internal/catch_errno_guard.cpp.o</span>
<span class="go">[ 53%] Building CXX object _deps/catch2-build/src/CMakeFiles/Catch2.dir/catch2/internal/catch_exception_translator_registry.cpp.o</span>
<span class="go">[ 54%] Building CXX object _deps/catch2-build/src/CMakeFiles/Catch2.dir/catch2/internal/catch_fatal_condition_handler.cpp.o</span>
<span class="go">[ 55%] Building CXX object _deps/catch2-build/src/CMakeFiles/Catch2.dir/catch2/internal/catch_floating_point_helpers.cpp.o</span>
<span class="go">[ 56%] Building CXX object _deps/catch2-build/src/CMakeFiles/Catch2.dir/catch2/internal/catch_getenv.cpp.o</span>
<span class="go">[ 57%] Building CXX object _deps/catch2-build/src/CMakeFiles/Catch2.dir/catch2/internal/catch_istream.cpp.o</span>
<span class="go">[ 58%] Building CXX object _deps/catch2-build/src/CMakeFiles/Catch2.dir/catch2/internal/catch_lazy_expr.cpp.o</span>
<span class="go">[ 59%] Building CXX object _deps/catch2-build/src/CMakeFiles/Catch2.dir/catch2/internal/catch_leak_detector.cpp.o</span>
<span class="go">[ 60%] Building CXX object _deps/catch2-build/src/CMakeFiles/Catch2.dir/catch2/internal/catch_list.cpp.o</span>
<span class="go">[ 61%] Building CXX object _deps/catch2-build/src/CMakeFiles/Catch2.dir/catch2/internal/catch_message_info.cpp.o</span>
<span class="go">[ 62%] Building CXX object _deps/catch2-build/src/CMakeFiles/Catch2.dir/catch2/internal/catch_output_redirect.cpp.o</span>
<span class="go">[ 62%] Building CXX object _deps/catch2-build/src/CMakeFiles/Catch2.dir/catch2/internal/catch_parse_numbers.cpp.o</span>
<span class="go">[ 63%] Building CXX object _deps/catch2-build/src/CMakeFiles/Catch2.dir/catch2/internal/catch_polyfills.cpp.o</span>
<span class="go">[ 64%] Building CXX object _deps/catch2-build/src/CMakeFiles/Catch2.dir/catch2/internal/catch_random_number_generator.cpp.o</span>
<span class="go">[ 65%] Building CXX object _deps/catch2-build/src/CMakeFiles/Catch2.dir/catch2/internal/catch_random_seed_generation.cpp.o</span>
<span class="go">[ 66%] Building CXX object _deps/catch2-build/src/CMakeFiles/Catch2.dir/catch2/internal/catch_reporter_registry.cpp.o</span>
<span class="go">[ 67%] Building CXX object _deps/catch2-build/src/CMakeFiles/Catch2.dir/catch2/internal/catch_reporter_spec_parser.cpp.o</span>
<span class="go">[ 68%] Building CXX object _deps/catch2-build/src/CMakeFiles/Catch2.dir/catch2/internal/catch_result_type.cpp.o</span>
<span class="go">[ 69%] Building CXX object _deps/catch2-build/src/CMakeFiles/Catch2.dir/catch2/internal/catch_reusable_string_stream.cpp.o</span>
<span class="go">[ 70%] Building CXX object _deps/catch2-build/src/CMakeFiles/Catch2.dir/catch2/internal/catch_run_context.cpp.o</span>
<span class="go">[ 71%] Building CXX object _deps/catch2-build/src/CMakeFiles/Catch2.dir/catch2/internal/catch_section.cpp.o</span>
<span class="go">[ 72%] Building CXX object _deps/catch2-build/src/CMakeFiles/Catch2.dir/catch2/internal/catch_singletons.cpp.o</span>
<span class="go">[ 73%] Building CXX object _deps/catch2-build/src/CMakeFiles/Catch2.dir/catch2/internal/catch_source_line_info.cpp.o</span>
<span class="go">[ 74%] Building CXX object _deps/catch2-build/src/CMakeFiles/Catch2.dir/catch2/internal/catch_startup_exception_registry.cpp.o</span>
<span class="go">[ 75%] Building CXX object _deps/catch2-build/src/CMakeFiles/Catch2.dir/catch2/internal/catch_stdstreams.cpp.o</span>
<span class="go">[ 75%] Building CXX object _deps/catch2-build/src/CMakeFiles/Catch2.dir/catch2/internal/catch_string_manip.cpp.o</span>
<span class="go">[ 76%] Building CXX object _deps/catch2-build/src/CMakeFiles/Catch2.dir/catch2/internal/catch_stringref.cpp.o</span>
<span class="go">[ 77%] Building CXX object _deps/catch2-build/src/CMakeFiles/Catch2.dir/catch2/internal/catch_tag_alias_registry.cpp.o</span>
<span class="go">[ 78%] Building CXX object _deps/catch2-build/src/CMakeFiles/Catch2.dir/catch2/internal/catch_test_case_info_hasher.cpp.o</span>
<span class="go">[ 79%] Building CXX object _deps/catch2-build/src/CMakeFiles/Catch2.dir/catch2/internal/catch_test_case_registry_impl.cpp.o</span>
<span class="go">[ 80%] Building CXX object _deps/catch2-build/src/CMakeFiles/Catch2.dir/catch2/internal/catch_test_case_tracker.cpp.o</span>
<span class="go">[ 81%] Building CXX object _deps/catch2-build/src/CMakeFiles/Catch2.dir/catch2/internal/catch_test_failure_exception.cpp.o</span>
<span class="go">[ 82%] Building CXX object _deps/catch2-build/src/CMakeFiles/Catch2.dir/catch2/internal/catch_test_registry.cpp.o</span>
<span class="go">[ 83%] Building CXX object _deps/catch2-build/src/CMakeFiles/Catch2.dir/catch2/internal/catch_test_spec_parser.cpp.o</span>
<span class="go">[ 84%] Building CXX object _deps/catch2-build/src/CMakeFiles/Catch2.dir/catch2/internal/catch_textflow.cpp.o</span>
<span class="go">[ 85%] Building CXX object _deps/catch2-build/src/CMakeFiles/Catch2.dir/catch2/internal/catch_uncaught_exceptions.cpp.o</span>
<span class="go">[ 86%] Building CXX object _deps/catch2-build/src/CMakeFiles/Catch2.dir/catch2/internal/catch_wildcard_pattern.cpp.o</span>
<span class="go">[ 87%] Building CXX object _deps/catch2-build/src/CMakeFiles/Catch2.dir/catch2/internal/catch_xmlwriter.cpp.o</span>
<span class="go">[ 87%] Building CXX object _deps/catch2-build/src/CMakeFiles/Catch2.dir/catch2/matchers/catch_matchers.cpp.o</span>
<span class="go">[ 88%] Building CXX object _deps/catch2-build/src/CMakeFiles/Catch2.dir/catch2/matchers/catch_matchers_container_properties.cpp.o</span>
<span class="go">[ 89%] Building CXX object _deps/catch2-build/src/CMakeFiles/Catch2.dir/catch2/matchers/catch_matchers_exception.cpp.o</span>
<span class="go">[ 90%] Building CXX object _deps/catch2-build/src/CMakeFiles/Catch2.dir/catch2/matchers/catch_matchers_floating_point.cpp.o</span>
<span class="go">[ 91%] Building CXX object _deps/catch2-build/src/CMakeFiles/Catch2.dir/catch2/matchers/catch_matchers_predicate.cpp.o</span>
<span class="go">[ 92%] Building CXX object _deps/catch2-build/src/CMakeFiles/Catch2.dir/catch2/matchers/catch_matchers_quantifiers.cpp.o</span>
<span class="go">[ 93%] Building CXX object _deps/catch2-build/src/CMakeFiles/Catch2.dir/catch2/matchers/catch_matchers_string.cpp.o</span>
<span class="go">[ 94%] Building CXX object _deps/catch2-build/src/CMakeFiles/Catch2.dir/catch2/matchers/catch_matchers_templated.cpp.o</span>
<span class="go">[ 95%] Building CXX object _deps/catch2-build/src/CMakeFiles/Catch2.dir/catch2/matchers/internal/catch_matchers_impl.cpp.o</span>
<span class="go">[ 96%] Linking CXX static library libCatch2.a</span>
<span class="go">[ 96%] Built target Catch2</span>
<span class="go">[ 97%] Building CXX object _deps/catch2-build/src/CMakeFiles/Catch2WithMain.dir/catch2/internal/catch_main.cpp.o</span>
<span class="go">[ 98%] Linking CXX static library libCatch2Main.a</span>
<span class="go">[ 98%] Built target Catch2WithMain</span>
<span class="go">[ 99%] Building CXX object CMakeFiles/example.dir/example.cc.o</span>
<span class="go">[100%] Linking CXX executable example</span>
<span class="go">[100%] Built target example</span>
</pre></div>
</div>
<p>Finally, we change into the <code class="docutils literal notranslate"><span class="pre">build</span></code> directory
and run CTest</p>
<div class="highlight-console notranslate"><div class="highlight"><pre><span></span><span class="gp">$ </span><span class="nb">cd</span><span class="w"> </span>build
<span class="gp">$ </span>ctest
<span class="go">Test project &lt;path&gt;/build</span>
<span class="go">    Start 1: IntTest</span>
<span class="go">1/1 Test #1: IntTest ..........................   Passed    0.01 sec</span>

<span class="go">100% tests passed, 0 tests failed out of 1</span>

<span class="go">Total Test time (real) =   0.01 sec</span>
</pre></div>
</div>
</div><div aria-labelledby="tab-3-R29vZ2xlVGVzdA==" class="sphinx-tabs-panel group-tab" hidden="true" id="panel-3-R29vZ2xlVGVzdA==" name="R29vZ2xlVGVzdA==" role="tabpanel" tabindex="0"><p>Starting with the configure step of CMake
(Note that <code class="docutils literal notranslate"><span class="pre">&lt;path&gt;</span></code> will be different for everyone)</p>
<div class="highlight-console notranslate"><div class="highlight"><pre><span></span><span class="gp">$ </span>cmake<span class="w"> </span>-S.<span class="w"> </span>-Bbuild
<span class="go">-- The CXX compiler identification is GNU 13.2.0</span>
<span class="go">-- Detecting CXX compiler ABI info</span>
<span class="go">-- Detecting CXX compiler ABI info - done</span>
<span class="go">-- Check for working CXX compiler: /usr/bin/c++ - skipped</span>
<span class="go">-- Detecting CXX compile features</span>
<span class="go">-- Detecting CXX compile features - done</span>
<span class="go">-- The C compiler identification is GNU 13.2.0</span>
<span class="go">-- Detecting C compiler ABI info</span>
<span class="go">-- Detecting C compiler ABI info - done</span>
<span class="go">-- Check for working C compiler: /usr/bin/cc - skipped</span>
<span class="go">-- Detecting C compile features</span>
<span class="go">-- Detecting C compile features - done</span>
<span class="go">-- Performing Test CMAKE_HAVE_LIBC_PTHREAD</span>
<span class="go">-- Performing Test CMAKE_HAVE_LIBC_PTHREAD - Success</span>
<span class="go">-- Found Threads: TRUE  </span>
<span class="go">-- Configuring done (2.1s)</span>
<span class="go">-- Generating done (0.0s)</span>
<span class="go">-- Build files have been written to: &lt;path&gt;/build</span>
</pre></div>
</div>
<p>and the build step which will also download GoogleTest on the first run</p>
<div class="highlight-console notranslate"><div class="highlight"><pre><span></span><span class="gp">$ </span>cmake<span class="w"> </span>--build<span class="w"> </span>build
<span class="go">[ 10%] Building CXX object _deps/googletest-build/googletest/CMakeFiles/gtest.dir/src/gtest-all.cc.o</span>
<span class="go">[ 20%] Linking CXX static library ../../../lib/libgtest.a</span>
<span class="go">[ 20%] Built target gtest</span>
<span class="go">[ 30%] Building CXX object _deps/googletest-build/googletest/CMakeFiles/gtest_main.dir/src/gtest_main.cc.o</span>
<span class="go">[ 40%] Linking CXX static library ../../../lib/libgtest_main.a</span>
<span class="go">[ 40%] Built target gtest_main</span>
<span class="go">[ 50%] Building CXX object CMakeFiles/example.dir/example.cc.o</span>
<span class="go">[ 60%] Linking CXX executable example</span>
<span class="go">[ 60%] Built target example</span>
<span class="go">[ 70%] Building CXX object _deps/googletest-build/googlemock/CMakeFiles/gmock.dir/src/gmock-all.cc.o</span>
<span class="go">[ 80%] Linking CXX static library ../../../lib/libgmock.a</span>
<span class="go">[ 80%] Built target gmock</span>
<span class="go">[ 90%] Building CXX object _deps/googletest-build/googlemock/CMakeFiles/gmock_main.dir/src/gmock_main.cc.o</span>
<span class="go">[100%] Linking CXX static library ../../../lib/libgmock_main.a</span>
<span class="go">[100%] Built target gmock_main</span>
</pre></div>
</div>
<p>Finally, we change into the <code class="docutils literal notranslate"><span class="pre">build</span></code> directory
and run CTest</p>
<div class="highlight-console notranslate"><div class="highlight"><pre><span></span><span class="gp">$ </span><span class="nb">cd</span><span class="w"> </span>build
<span class="gp">$ </span>ctest
<span class="go">Test project &lt;path&gt;/build</span>
<span class="go">    Start 1: AddTests.IntTest</span>
<span class="go">1/1 Test #1: AddTests.IntTest .................   Passed    0.00 sec</span>

<span class="go">100% tests passed, 0 tests failed out of 1</span>

<span class="go">Total Test time (real) =   0.01 sec</span>
</pre></div>
</div>
</div></div>
</div></div>
<ol class="arabic simple" start="4">
<li><p>Let us break the test!</p></li>
</ol>
<p>Introduce a code change which breaks the code (e.g. <code class="docutils literal notranslate"><span class="pre">-</span></code> instead of <code class="docutils literal notranslate"><span class="pre">+</span></code>) and check
whether our test detects the change:</p>
<div class="sphinx-tabs docutils container">
<div aria-label="Tabbed content" class="closeable" role="tablist"><button aria-controls="panel-4-UHl0aG9u" aria-selected="true" class="sphinx-tabs-tab group-tab" id="tab-4-UHl0aG9u" name="UHl0aG9u" role="tab" tabindex="0">Python</button><button aria-controls="panel-4-Ug==" aria-selected="false" class="sphinx-tabs-tab group-tab" id="tab-4-Ug==" name="Ug==" role="tab" tabindex="-1">R</button><button aria-controls="panel-4-SnVsaWE=" aria-selected="false" class="sphinx-tabs-tab group-tab" id="tab-4-SnVsaWE=" name="SnVsaWE=" role="tab" tabindex="-1">Julia</button><button aria-controls="panel-4-Qysr" aria-selected="false" class="sphinx-tabs-tab group-tab" id="tab-4-Qysr" name="Qysr" role="tab" tabindex="-1">C++</button></div><div aria-labelledby="tab-4-UHl0aG9u" class="sphinx-tabs-panel group-tab" id="panel-4-UHl0aG9u" name="UHl0aG9u" role="tabpanel" tabindex="0"><div class="highlight-console notranslate"><div class="highlight"><pre><span></span><span class="gp">$ </span>pytest<span class="w"> </span>-v<span class="w"> </span>example.py

<span class="go">============================================================ test session starts =================================</span>
<span class="go">platform linux -- Python 3.7.2, pytest-4.3.1, py-1.8.0, pluggy-0.9.0 -- /home/user/pytest-example/venv/bin/python3</span>
<span class="go">cachedir: .pytest_cache</span>
<span class="go">rootdir: /home/user/pytest-example, inifile:</span>
<span class="go">collected 1 item</span>

<span class="go">example.py::test_add FAILED</span>

<span class="go">================================================================= FAILURES =======================================</span>
<span class="go">_________________________________________________________________ test_add _______________________________________</span>

<span class="go">    def test_add():</span>
<span class="go">&gt;       assert add(2, 3) == 5</span>
<span class="go">E       assert -1 == 5</span>
<span class="go">E         --1</span>
<span class="go">E         +5</span>

<span class="go">example.py:6: AssertionError</span>
<span class="go">========================================================= 1 failed in 0.05 seconds ==============</span>
</pre></div>
</div>
<p>Notice how pytest is smart and includes context: lines that failed,
values of the relevant variables.</p>
</div><div aria-labelledby="tab-4-Ug==" class="sphinx-tabs-panel group-tab" hidden="true" id="panel-4-Ug==" name="Ug==" role="tabpanel" tabindex="0"><div class="highlight-console notranslate"><div class="highlight"><pre><span></span><span class="gp">$ </span>Rscript<span class="w"> </span>example.R<span class="w"> </span>

<span class="go">‚îÄ‚îÄ Failure: Adding integers works ‚îÄ‚îÄ‚îÄ‚îÄ‚îÄ‚îÄ‚îÄ‚îÄ‚îÄ‚îÄ‚îÄ‚îÄ‚îÄ‚îÄ‚îÄ‚îÄ‚îÄ‚îÄ‚îÄ‚îÄ‚îÄ‚îÄ‚îÄ‚îÄ‚îÄ‚îÄ‚îÄ‚îÄ‚îÄ‚îÄ</span>
<span class="go">`res` not identical to 5.</span>
<span class="go">1/1 mismatches</span>
<span class="go">[1] -1 - 5 == -6</span>

<span class="go">Error: Test failed</span>
<span class="go">Execution halted</span>
</pre></div>
</div>
<p><code class="docutils literal notranslate"><span class="pre">testthat</span></code> tells us exactly which test failed and how
but does not include more context.</p>
</div><div aria-labelledby="tab-4-SnVsaWE=" class="sphinx-tabs-panel group-tab" hidden="true" id="panel-4-SnVsaWE=" name="SnVsaWE=" role="tabpanel" tabindex="0"><div class="highlight-console notranslate"><div class="highlight"><pre><span></span><span class="gp">$ </span>julia<span class="w"> </span>example.jl

<span class="go">myadd: Test Failed at /home/user/local-testing-example/example.jl:7</span>
<span class="go">Expression: myadd(2, 3) == 5</span>
<span class="go">Evaluated: -1 == 5</span>

<span class="go">Stacktrace:</span>
<span class="go">[1] macro expansion</span>
<span class="go">@ ~/opt/julia-1.10.0/share/julia/stdlib/v1.10/Test/src/Test.jl:672 [inlined]</span>
<span class="go">[2] macro expansion</span>
<span class="go">@ ~/local-testing-example/example.jl:7 [inlined]</span>
<span class="go">[3] macro expansion</span>
<span class="go">@ ~/opt/julia-1.10.0/share/julia/stdlib/v1.10/Test/src/Test.jl:1577 [inlined]</span>
<span class="go">[4] top-level scope</span>
<span class="go">@ ~/local-testing-example/example.jl:7</span>
<span class="go">Test Summary: | Fail  Total  Time</span>
<span class="go">myadd         |    1      1  0.6s</span>
<span class="go">ERROR: LoadError: Some tests did not pass: 0 passed, 1 failed, 0 errored, 0 broken.</span>
<span class="go">in expression starting at /home/user/local-testing-example/example.jl:6</span>
</pre></div>
</div>
<p>Notice how <code class="docutils literal notranslate"><span class="pre">Test.jl</span></code> is smart and includes context:
Lines that failed, evaluated and expected results.</p>
</div><div aria-labelledby="tab-4-Qysr" class="sphinx-tabs-panel group-tab" hidden="true" id="panel-4-Qysr" name="Qysr" role="tabpanel" tabindex="0"><p>Since we introduced a change we have to call <code class="docutils literal notranslate"><span class="pre">cmake</span> <span class="pre">--build</span> <span class="pre">build</span></code> again
(from the top directory)</p>
<div class="sphinx-tabs docutils container">
<div aria-label="Tabbed content" class="closeable" role="tablist"><button aria-controls="panel-5-Q2F0Y2gy" aria-selected="true" class="sphinx-tabs-tab group-tab" id="tab-5-Q2F0Y2gy" name="Q2F0Y2gy" role="tab" tabindex="0">Catch2</button><button aria-controls="panel-5-R29vZ2xlVGVzdA==" aria-selected="false" class="sphinx-tabs-tab group-tab" id="tab-5-R29vZ2xlVGVzdA==" name="R29vZ2xlVGVzdA==" role="tab" tabindex="-1">GoogleTest</button></div><div aria-labelledby="tab-5-Q2F0Y2gy" class="sphinx-tabs-panel group-tab" id="panel-5-Q2F0Y2gy" name="Q2F0Y2gy" role="tabpanel" tabindex="0"><div class="highlight-console notranslate"><div class="highlight"><pre><span></span><span class="gp">$ </span>ctest
<span class="go">Test project &lt;path&gt;/build</span>
<span class="go">    Start 1: IntTest</span>
<span class="go">1/1 Test #1: IntTest ..........................***Failed    0.01 sec</span>

<span class="go">0% tests passed, 1 tests failed out of 1</span>

<span class="go">Total Test time (real) =   0.01 sec</span>

<span class="go">The following tests FAILED:</span>
<span class="go">	  1 - IntTest (Failed)</span>
<span class="go">Output from these tests are in: &lt;path&gt;/build/Testing/Temporary/LastTest.log</span>
<span class="go">Use &quot;--rerun-failed --output-on-failure&quot; to re-run the failed cases verbosely.</span>
</pre></div>
</div>
<p>following the recommendation, we run</p>
<div class="highlight-console notranslate"><div class="highlight"><pre><span></span><span class="gp">$ </span>ctest<span class="w"> </span>--output-on-failure
<span class="go">Test project &lt;path&gt;/build</span>
<span class="go">    Start 1: IntTest</span>
<span class="go">1/1 Test #1: IntTest ..........................***Failed    0.01 sec</span>
<span class="go">Filters: &quot;IntTest&quot;</span>
<span class="go">Randomness seeded to: 2865819826</span>

<span class="go">~~~~~~~~~~~~~~~~~~~~~~~~~~~~~~~~~~~~~~~~~~~~~~~~~~~~~~~~~~~~~~~~~~~~~~~~~~~~~~~</span>
<span class="go">example is a Catch2 v3.4.0 host application.</span>
<span class="go">Run with -? for options</span>

<span class="go">-------------------------------------------------------------------------------</span>
<span class="go">IntTest</span>
<span class="go">-------------------------------------------------------------------------------</span>
<span class="go">&lt;path&gt;/example.cc:10</span>
<span class="go">...............................................................................</span>

<span class="go">&lt;path&gt;/example.cc:12: FAILED:</span>
<span class="go">  REQUIRE( add(2,3)==5 )</span>
<span class="go">with expansion:</span>
<span class="go">  -1 == 5</span>

<span class="go">===============================================================================</span>
<span class="go">test cases: 1 | 1 failed</span>
<span class="go">assertions: 1 | 1 failed</span>



<span class="go">0% tests passed, 1 tests failed out of 1</span>

<span class="go">Total Test time (real) =   0.01 sec</span>

<span class="go">The following tests FAILED:</span>
<span class="go">	  1 - IntTest (Failed)</span>
<span class="go">Errors while running CTest</span>
</pre></div>
</div>
<p>This output is very verbose, but notice how it includes context: lines that failed, values of the relevant variables</p>
</div><div aria-labelledby="tab-5-R29vZ2xlVGVzdA==" class="sphinx-tabs-panel group-tab" hidden="true" id="panel-5-R29vZ2xlVGVzdA==" name="R29vZ2xlVGVzdA==" role="tabpanel" tabindex="0"><div class="highlight-console notranslate"><div class="highlight"><pre><span></span><span class="gp">$ </span>ctest
<span class="go">Test project &lt;path&gt;/build</span>
<span class="go">    Start 1: AddTests.IntTest</span>
<span class="go">1/1 Test #1: AddTests.IntTest .................***Failed    0.00 sec</span>

<span class="go">0% tests passed, 1 tests failed out of 1</span>

<span class="go">Total Test time (real) =   0.01 sec</span>

<span class="go">The following tests FAILED:</span>
<span class="go">	  1 - AddTests.IntTest (Failed)</span>
<span class="go">Errors while running CTest</span>
<span class="go">Output from these tests are in: &lt;path&gt;/build/Testing/Temporary/LastTest.log</span>
<span class="go">Use &quot;--rerun-failed --output-on-failure&quot; to re-run the failed cases verbosely.</span>
</pre></div>
</div>
<p>following the recommendation, we run</p>
<div class="highlight-console notranslate"><div class="highlight"><pre><span></span><span class="gp">$ </span>ctest<span class="w"> </span>--output-on-failure
<span class="go">Test project &lt;path&gt;/build</span>
<span class="go">    Start 1: AddTests.IntTest</span>
<span class="go">1/1 Test #1: AddTests.IntTest .................***Failed    0.00 sec</span>
<span class="go">Running main() from &lt;path&gt;/build/_deps/googletest-src/googletest/src/gtest_main.cc</span>
<span class="go">Note: Google Test filter = AddTests.IntTest</span>
<span class="go">[==========] Running 1 test from 1 test suite.</span>
<span class="go">[----------] Global test environment set-up.</span>
<span class="go">[----------] 1 test from AddTests</span>
<span class="go">[ RUN      ] AddTests.IntTest</span>
<span class="go">&lt;path&gt;/example.cc:12: Failure</span>
<span class="go">Expected equality of these values:</span>
<span class="go">  add(2,3)</span>
<span class="go">    Which is: -1</span>
<span class="go">  5</span>
<span class="go">[  FAILED  ] AddTests.IntTest (0 ms)</span>
<span class="go">[----------] 1 test from AddTests (0 ms total)</span>

<span class="go">[----------] Global test environment tear-down</span>
<span class="go">[==========] 1 test from 1 test suite ran. (0 ms total)</span>
<span class="go">[  PASSED  ] 0 tests.</span>
<span class="go">[  FAILED  ] 1 test, listed below:</span>
<span class="go">[  FAILED  ] AddTests.IntTest</span>

<span class="go"> 1 FAILED TEST</span>


<span class="go">0% tests passed, 1 tests failed out of 1</span>

<span class="go">Total Test time (real) =   0.01 sec</span>

<span class="go">The following tests FAILED:</span>
<span class="go">	  1 - AddTests.IntTest (Failed)</span>
<span class="go">Errors while running CTest</span>
</pre></div>
</div>
<p>This output is very verbose, but notice how it includes context: lines that failed, values of the relevant variables</p>
</div></div>
</div></div>
</div>
<div class="admonition-optional-local-2-create-a-test-that-considers-numerical-tolerance-10-min exercise important admonition" id="exercise-1">
<p class="admonition-title">(optional) Local-2: Create a test that considers numerical tolerance (10 min)</p>
<p>Let‚Äôs see an example where the test has to be more clever in order to
avoid false negative.</p>
<p>In the above exercise we have compared integers.  In this optional exercise we
want to learn how to compare floating point numbers since they are more tricky
(see also <a class="reference external" href="https://floating-point-gui.de/">‚ÄúWhat Every Programmer Should Know About Floating-Point Arithmetic‚Äù</a>).</p>
<p>The following test will fail and this might be surprising. Try it out:</p>
<div class="sphinx-tabs docutils container">
<div aria-label="Tabbed content" class="closeable" role="tablist"><button aria-controls="panel-6-UHl0aG9u" aria-selected="true" class="sphinx-tabs-tab group-tab" id="tab-6-UHl0aG9u" name="UHl0aG9u" role="tab" tabindex="0">Python</button><button aria-controls="panel-6-Ug==" aria-selected="false" class="sphinx-tabs-tab group-tab" id="tab-6-Ug==" name="Ug==" role="tab" tabindex="-1">R</button><button aria-controls="panel-6-SnVsaWE=" aria-selected="false" class="sphinx-tabs-tab group-tab" id="tab-6-SnVsaWE=" name="SnVsaWE=" role="tab" tabindex="-1">Julia</button><button aria-controls="panel-6-Qysr" aria-selected="false" class="sphinx-tabs-tab group-tab" id="tab-6-Qysr" name="Qysr" role="tab" tabindex="-1">C++</button></div><div aria-labelledby="tab-6-UHl0aG9u" class="sphinx-tabs-panel group-tab" id="panel-6-UHl0aG9u" name="UHl0aG9u" role="tabpanel" tabindex="0"><div class="highlight-python notranslate"><div class="highlight"><pre><span></span><span class="k">def</span><span class="w"> </span><span class="nf">add</span><span class="p">(</span><span class="n">a</span><span class="p">,</span> <span class="n">b</span><span class="p">):</span>
    <span class="k">return</span> <span class="n">a</span> <span class="o">+</span> <span class="n">b</span>

<span class="k">def</span><span class="w"> </span><span class="nf">test_add</span><span class="p">():</span>
    <span class="k">assert</span> <span class="n">add</span><span class="p">(</span><span class="mf">0.1</span><span class="p">,</span> <span class="mf">0.2</span><span class="p">)</span> <span class="o">==</span> <span class="mf">0.3</span>
</pre></div>
</div>
</div><div aria-labelledby="tab-6-Ug==" class="sphinx-tabs-panel group-tab" hidden="true" id="panel-6-Ug==" name="Ug==" role="tabpanel" tabindex="0"><div class="highlight-R notranslate"><div class="highlight"><pre><span></span><span class="n">add</span><span class="w"> </span><span class="o">&lt;-</span><span class="w"> </span><span class="kr">function</span><span class="p">(</span><span class="n">a</span><span class="p">,</span><span class="w"> </span><span class="n">b</span><span class="p">){</span>
<span class="w">    </span><span class="kr">return</span><span class="w"> </span><span class="n">a</span><span class="w"> </span><span class="o">+</span><span class="w"> </span><span class="n">b</span>
<span class="p">}</span>

<span class="nf">test_that</span><span class="p">(</span><span class="s">&quot;Adding floats works&quot;</span><span class="p">,</span><span class="w"> </span><span class="p">{</span><span class="w"> </span>
<span class="w">    </span><span class="nf">expect_identical</span><span class="p">(</span><span class="nf">add</span><span class="p">(</span><span class="m">0.1</span><span class="p">,</span><span class="w"> </span><span class="m">0.2</span><span class="p">),</span><span class="m">0.3</span><span class="p">)</span>
<span class="p">})</span>
</pre></div>
</div>
</div><div aria-labelledby="tab-6-SnVsaWE=" class="sphinx-tabs-panel group-tab" hidden="true" id="panel-6-SnVsaWE=" name="SnVsaWE=" role="tabpanel" tabindex="0"><div class="highlight-Julia notranslate"><div class="highlight"><pre><span></span><span class="k">function</span><span class="w"> </span><span class="n">myadd</span><span class="p">(</span><span class="n">a</span><span class="p">,</span><span class="n">b</span><span class="p">)</span>
<span class="w">    </span><span class="k">return</span><span class="w"> </span><span class="n">a</span><span class="w"> </span><span class="o">+</span><span class="w"> </span><span class="n">b</span>
<span class="w"> </span><span class="k">end</span>

<span class="k">using</span><span class="w"> </span><span class="n">Test</span>
<span class="nd">@testset</span><span class="w"> </span><span class="s">&quot;myadd&quot;</span><span class="w"> </span><span class="k">begin</span>
<span class="w">    </span><span class="nd">@test</span><span class="w"> </span><span class="n">myadd</span><span class="p">(</span><span class="mf">0.1</span><span class="p">,</span><span class="w"> </span><span class="mf">0.2</span><span class="p">)</span><span class="w"> </span><span class="o">==</span><span class="w"> </span><span class="mf">0.3</span>
<span class="k">end</span>
</pre></div>
</div>
</div><div aria-labelledby="tab-6-Qysr" class="sphinx-tabs-panel group-tab" hidden="true" id="panel-6-Qysr" name="Qysr" role="tabpanel" tabindex="0"><div class="sphinx-tabs docutils container">
<div aria-label="Tabbed content" class="closeable" role="tablist"><button aria-controls="panel-7-Q2F0Y2gy" aria-selected="true" class="sphinx-tabs-tab group-tab" id="tab-7-Q2F0Y2gy" name="Q2F0Y2gy" role="tab" tabindex="0">Catch2</button><button aria-controls="panel-7-R29vZ2xlVGVzdA==" aria-selected="false" class="sphinx-tabs-tab group-tab" id="tab-7-R29vZ2xlVGVzdA==" name="R29vZ2xlVGVzdA==" role="tab" tabindex="-1">GoogleTest</button></div><div aria-labelledby="tab-7-Q2F0Y2gy" class="sphinx-tabs-panel group-tab" id="panel-7-Q2F0Y2gy" name="Q2F0Y2gy" role="tabpanel" tabindex="0"><div class="highlight-cpp notranslate"><div class="highlight"><pre><span></span><span class="w">  </span><span class="cp">#include</span><span class="w"> </span><span class="cpf">&lt;catch2/catch_test_macros.hpp&gt;</span>

<span class="w">  </span><span class="k">template</span><span class="o">&lt;</span><span class="k">typename</span><span class="w"> </span><span class="nc">Number</span><span class="o">&gt;</span>
<span class="w">  </span><span class="n">Number</span>
<span class="w">  </span><span class="n">add</span><span class="p">(</span><span class="n">Number</span><span class="w"> </span><span class="n">a</span><span class="p">,</span><span class="w"> </span><span class="n">Number</span><span class="w"> </span><span class="n">b</span><span class="p">)</span>
<span class="w">  </span><span class="p">{</span>
<span class="w">    </span><span class="k">return</span><span class="w"> </span><span class="n">a</span><span class="w"> </span><span class="o">+</span><span class="w"> </span><span class="n">b</span><span class="p">;</span>
<span class="w">  </span><span class="p">}</span><span class="w">    </span>
<span class="w">  </span>
<span class="w">  </span><span class="n">TEST_CASE</span><span class="p">(</span><span class="s">&quot;AddTests&quot;</span><span class="p">,</span><span class="w"> </span><span class="s">&quot;DoubleTest&quot;</span><span class="p">)</span>
<span class="w">  </span><span class="p">{</span>
<span class="w">      </span><span class="n">REQUIRE</span><span class="p">(</span><span class="n">add</span><span class="p">(</span><span class="mf">0.1</span><span class="p">,</span><span class="mf">0.2</span><span class="p">)</span><span class="o">==</span><span class="mf">0.3</span><span class="p">);</span>
<span class="w">  </span><span class="p">}</span>
</pre></div>
</div>
</div><div aria-labelledby="tab-7-R29vZ2xlVGVzdA==" class="sphinx-tabs-panel group-tab" hidden="true" id="panel-7-R29vZ2xlVGVzdA==" name="R29vZ2xlVGVzdA==" role="tabpanel" tabindex="0"><div class="highlight-cpp notranslate"><div class="highlight"><pre><span></span><span class="w">  </span><span class="cp">#include</span><span class="w"> </span><span class="cpf">&lt;gtest/gtest.h&gt;</span>

<span class="w">  </span><span class="k">template</span><span class="o">&lt;</span><span class="k">typename</span><span class="w"> </span><span class="nc">Number</span><span class="o">&gt;</span>
<span class="w">  </span><span class="n">Number</span>
<span class="w">  </span><span class="n">add</span><span class="p">(</span><span class="n">Number</span><span class="w"> </span><span class="n">a</span><span class="p">,</span><span class="w"> </span><span class="n">Number</span><span class="w"> </span><span class="n">b</span><span class="p">)</span>
<span class="w">  </span><span class="p">{</span>
<span class="w">    </span><span class="k">return</span><span class="w"> </span><span class="n">a</span><span class="w"> </span><span class="o">+</span><span class="w"> </span><span class="n">b</span><span class="p">;</span>
<span class="w">  </span><span class="p">}</span><span class="w">    </span>
<span class="w">  </span>
<span class="w">  </span><span class="n">TEST</span><span class="p">(</span><span class="n">AddTests</span><span class="p">,</span><span class="w"> </span><span class="n">DoubleTest</span><span class="p">)</span>
<span class="w">  </span><span class="p">{</span>
<span class="w">      </span><span class="n">ASSERT_EQ</span><span class="p">(</span><span class="n">add</span><span class="p">(</span><span class="mf">0.1</span><span class="p">,</span><span class="mf">0.2</span><span class="p">),</span><span class="mf">0.3</span><span class="p">);</span>
<span class="w">  </span><span class="p">}</span>
</pre></div>
</div>
</div></div>
</div></div>
<p>Your goal: find a more robust way to test this addition.</p>
</div>
<div class="admonition-solution-local-2 solution important dropdown admonition" id="solution-0">
<p class="admonition-title">Solution: Local-2</p>
<div class="sphinx-tabs docutils container">
<div aria-label="Tabbed content" class="closeable" role="tablist"><button aria-controls="panel-8-UHl0aG9u" aria-selected="true" class="sphinx-tabs-tab group-tab" id="tab-8-UHl0aG9u" name="UHl0aG9u" role="tab" tabindex="0">Python</button><button aria-controls="panel-8-Ug==" aria-selected="false" class="sphinx-tabs-tab group-tab" id="tab-8-Ug==" name="Ug==" role="tab" tabindex="-1">R</button><button aria-controls="panel-8-SnVsaWE=" aria-selected="false" class="sphinx-tabs-tab group-tab" id="tab-8-SnVsaWE=" name="SnVsaWE=" role="tab" tabindex="-1">Julia</button><button aria-controls="panel-8-Qysr" aria-selected="false" class="sphinx-tabs-tab group-tab" id="tab-8-Qysr" name="Qysr" role="tab" tabindex="-1">C++</button></div><div aria-labelledby="tab-8-UHl0aG9u" class="sphinx-tabs-panel group-tab" id="panel-8-UHl0aG9u" name="UHl0aG9u" role="tabpanel" tabindex="0"><p>One solution is to use
<a class="reference external" href="https://docs.pytest.org/en/4.6.x/reference.html#pytest-approx">pytest.approx</a>:</p>
<div class="highlight-python notranslate"><div class="highlight"><pre><span></span><span class="kn">from</span><span class="w"> </span><span class="nn">pytest</span><span class="w"> </span><span class="kn">import</span> <span class="n">approx</span>

<span class="k">def</span><span class="w"> </span><span class="nf">add</span><span class="p">(</span><span class="n">a</span><span class="p">,</span> <span class="n">b</span><span class="p">):</span>
    <span class="k">return</span> <span class="n">a</span> <span class="o">+</span> <span class="n">b</span>

<span class="k">def</span><span class="w"> </span><span class="nf">test_add</span><span class="p">():</span>
    <span class="k">assert</span> <span class="n">add</span><span class="p">(</span><span class="mf">0.1</span><span class="p">,</span> <span class="mf">0.2</span><span class="p">)</span> <span class="o">==</span> <span class="n">approx</span><span class="p">(</span><span class="mf">0.3</span><span class="p">)</span>
</pre></div>
</div>
<p>But maybe you didn‚Äôt know about
<a class="reference external" href="https://docs.pytest.org/en/4.6.x/reference.html#pytest-approx">pytest.approx</a>:
and did this instead:</p>
<div class="highlight-python notranslate"><div class="highlight"><pre><span></span><span class="k">def</span><span class="w"> </span><span class="nf">test_add</span><span class="p">():</span>
    <span class="n">result</span> <span class="o">=</span> <span class="n">add</span><span class="p">(</span><span class="mf">0.1</span><span class="p">,</span> <span class="mf">0.2</span><span class="p">)</span>
    <span class="k">assert</span> <span class="nb">abs</span><span class="p">(</span><span class="n">result</span> <span class="o">-</span> <span class="mf">0.3</span><span class="p">)</span> <span class="o">&lt;</span> <span class="mf">1.0e-7</span>
</pre></div>
</div>
<p>This is OK but the <code class="docutils literal notranslate"><span class="pre">1.0e-7</span></code> can be a bit arbitrary.</p>
</div><div aria-labelledby="tab-8-Ug==" class="sphinx-tabs-panel group-tab" hidden="true" id="panel-8-Ug==" name="Ug==" role="tabpanel" tabindex="0"><p>One solution is to use
<a class="reference external" href="https://testthat.r-lib.org/reference/equality-expectations.html">expect_equal</a> which allows for roundoff errors:</p>
<div class="highlight-R notranslate"><div class="highlight"><pre><span></span><span class="nf">test_that</span><span class="p">(</span><span class="s">&quot;Adding floats works with equal&quot;</span><span class="p">,</span><span class="w"> </span><span class="p">{</span>
<span class="w">    </span><span class="n">res</span><span class="w"> </span><span class="o">&lt;-</span><span class="w"> </span><span class="nf">add</span><span class="p">(</span><span class="m">0.1</span><span class="p">,</span><span class="w"> </span><span class="m">0.2</span><span class="p">)</span>
<span class="w">    </span><span class="nf">expect_equal</span><span class="p">(</span><span class="n">res</span><span class="p">,</span><span class="m">0.3</span><span class="p">)</span>
<span class="w">    </span><span class="nf">expect_true</span><span class="p">(</span><span class="nf">is.numeric</span><span class="p">(</span><span class="n">res</span><span class="p">))</span>
<span class="p">})</span>
</pre></div>
</div>
<p>But maybe you didn‚Äôt know about it and used the ‚Äòless than‚Äô comparison of <a class="reference external" href="https://testthat.r-lib.org/reference/comparison-expectations.html">expect_lt</a> instead:</p>
<div class="highlight-R notranslate"><div class="highlight"><pre><span></span><span class="nf">test_that</span><span class="p">(</span><span class="s">&quot;Adding floats works with lt&quot;</span><span class="p">,</span><span class="w"> </span><span class="p">{</span>
<span class="w">    </span><span class="n">res</span><span class="w"> </span><span class="o">&lt;-</span><span class="w"> </span><span class="nf">add</span><span class="p">(</span><span class="m">0.1</span><span class="p">,</span><span class="w"> </span><span class="m">0.2</span><span class="p">)</span>
<span class="w">    </span><span class="nf">expect_lt</span><span class="p">(</span><span class="nf">abs</span><span class="p">(</span><span class="n">res</span><span class="m">-0.3</span><span class="p">),</span><span class="m">1.0e-7</span><span class="p">)</span>
<span class="w">    </span><span class="nf">expect_true</span><span class="p">(</span><span class="nf">is.numeric</span><span class="p">(</span><span class="n">res</span><span class="p">))</span>
<span class="p">})</span>
</pre></div>
</div>
<p>This is OK but the <code class="docutils literal notranslate"><span class="pre">1.0e-7</span></code> can be a bit arbitrary.</p>
</div><div aria-labelledby="tab-8-SnVsaWE=" class="sphinx-tabs-panel group-tab" hidden="true" id="panel-8-SnVsaWE=" name="SnVsaWE=" role="tabpanel" tabindex="0"><p>One solution is to use <code class="docutils literal notranslate"><span class="pre">\approx</span></code>:</p>
<div class="highlight-Julia notranslate"><div class="highlight"><pre><span></span><span class="nd">@testset</span><span class="w"> </span><span class="s">&quot;Add floats with approx&quot;</span><span class="w"> </span><span class="k">begin</span>
<span class="w">    </span><span class="nd">@test</span><span class="w"> </span><span class="n">myadd</span><span class="p">(</span><span class="mf">0.1</span><span class="p">,</span><span class="mf">0.2</span><span class="p">)</span><span class="w"> </span><span class="o">‚âà</span><span class="w"> </span><span class="mf">0.3</span>
<span class="w">    </span><span class="c">#Variant with specifying a tolerance</span>
<span class="w">    </span><span class="nd">@test</span><span class="w"> </span><span class="n">myadd</span><span class="p">(</span><span class="mf">0.1</span><span class="p">,</span><span class="mf">0.2</span><span class="p">)</span><span class="w"> </span><span class="o">‚âà</span><span class="w"> </span><span class="mf">0.3</span><span class="w"> </span><span class="n">atol</span><span class="o">=</span><span class="mf">1.0e-7</span>
<span class="k">end</span>
</pre></div>
</div>
<p>But maybe you didn‚Äôt know about <code class="docutils literal notranslate"><span class="pre">\approx</span></code>
and did this instead:</p>
<div class="highlight-python notranslate"><div class="highlight"><pre><span></span>    <span class="nd">@test</span> <span class="nb">abs</span><span class="p">(</span><span class="n">myadd</span><span class="p">(</span><span class="mf">0.1</span><span class="p">,</span><span class="mf">0.2</span><span class="p">)</span><span class="o">-</span><span class="mf">0.3</span><span class="p">)</span> <span class="o">&lt;</span> <span class="mf">1.0e-7</span>
</pre></div>
</div>
<p>This is OK but the <code class="docutils literal notranslate"><span class="pre">1.0e-7</span></code> can be a bit arbitrary.</p>
</div><div aria-labelledby="tab-8-Qysr" class="sphinx-tabs-panel group-tab" hidden="true" id="panel-8-Qysr" name="Qysr" role="tabpanel" tabindex="0"><div class="sphinx-tabs docutils container">
<div aria-label="Tabbed content" class="closeable" role="tablist"><button aria-controls="panel-9-Q2F0Y2gy" aria-selected="true" class="sphinx-tabs-tab group-tab" id="tab-9-Q2F0Y2gy" name="Q2F0Y2gy" role="tab" tabindex="0">Catch2</button><button aria-controls="panel-9-R29vZ2xlVGVzdA==" aria-selected="false" class="sphinx-tabs-tab group-tab" id="tab-9-R29vZ2xlVGVzdA==" name="R29vZ2xlVGVzdA==" role="tab" tabindex="-1">GoogleTest</button></div><div aria-labelledby="tab-9-Q2F0Y2gy" class="sphinx-tabs-panel group-tab" id="panel-9-Q2F0Y2gy" name="Q2F0Y2gy" role="tabpanel" tabindex="0"><p>Catch2 offers a very sophisticated way to test equality of two floating point numbers based on ‚Äòunits in the last place (ULP)‚Äô.
Matching the settings of GoogleTest we consider decimals equals to within <code class="docutils literal notranslate"><span class="pre">4</span></code> ULP.</p>
<div class="highlight-cpp notranslate"><div class="highlight"><pre><span></span><span class="w">  </span><span class="cp">#include</span><span class="w"> </span><span class="cpf">&lt;catch2/matchers/catch_matchers_floating_point.hpp&gt;</span>
<span class="w">  </span><span class="k">using</span><span class="w"> </span><span class="n">Catch</span><span class="o">::</span><span class="n">Matchers</span><span class="o">::</span><span class="n">WithinULP</span><span class="p">;</span>
<span class="w">  </span><span class="n">TEST_CASE</span><span class="p">(</span><span class="s">&quot;DoubleTest&quot;</span><span class="p">,</span><span class="w"> </span><span class="s">&quot;[add]&quot;</span><span class="p">)</span>
<span class="w">  </span><span class="p">{</span>
<span class="w">    </span><span class="n">REQUIRE_THAT</span><span class="p">(</span><span class="n">add</span><span class="p">(</span><span class="mf">0.1</span><span class="p">,</span><span class="mf">0.2</span><span class="p">),</span><span class="n">WithinULP</span><span class="p">(</span><span class="mf">0.3</span><span class="p">,</span><span class="mi">4</span><span class="p">));</span>
<span class="w">  </span><span class="p">}</span>
</pre></div>
</div>
<p>But maybe you didn‚Äôt know about
<a class="reference external" href="https://github.com/catchorg/Catch2/blob/devel/docs/comparing-floating-point-numbers.md#top">Catch2 floating point matchers</a>
and did this instead:</p>
<div class="highlight-cpp notranslate"><div class="highlight"><pre><span></span><span class="w">  </span><span class="cp">#include</span><span class="w"> </span><span class="cpf">&lt;cmath&gt;</span>
<span class="w">  </span><span class="n">TEST_CASE</span><span class="p">(</span><span class="s">&quot;DoubleTest&quot;</span><span class="p">,</span><span class="w"> </span><span class="s">&quot;[add]&quot;</span><span class="p">)</span>
<span class="w">  </span><span class="p">{</span>
<span class="w">    </span><span class="n">REQUIRE</span><span class="p">(</span><span class="n">std</span><span class="o">::</span><span class="n">abs</span><span class="p">(</span><span class="n">add</span><span class="p">(</span><span class="mf">0.1</span><span class="p">,</span><span class="mf">0.2</span><span class="p">)</span><span class="mf">-0.3</span><span class="p">)</span><span class="w"> </span><span class="o">&lt;</span><span class="w"> </span><span class="mf">1.0e-7</span><span class="p">);</span>
<span class="w">  </span><span class="p">}</span>
</pre></div>
</div>
<p>This is OK but the <code class="docutils literal notranslate"><span class="pre">1.0e-7</span></code> can be a bit arbitrary. The first option is certainly more robust and recommended in the C++ case.</p>
</div><div aria-labelledby="tab-9-R29vZ2xlVGVzdA==" class="sphinx-tabs-panel group-tab" hidden="true" id="panel-9-R29vZ2xlVGVzdA==" name="R29vZ2xlVGVzdA==" role="tabpanel" tabindex="0"><p>GoogleTest offers a very sophisticated way to test equality of two double numbers based on ‚Äòunits in the last place (ULP)‚Äô,
see <a class="reference external" href="http://google.github.io/googletest/reference/assertions.html#floating-point">the documentation</a> for more details.</p>
<div class="highlight-cpp notranslate"><div class="highlight"><pre><span></span><span class="w">  </span><span class="n">TEST</span><span class="p">(</span><span class="n">AddTests</span><span class="p">,</span><span class="w"> </span><span class="n">DoubleTest</span><span class="p">)</span>
<span class="w">  </span><span class="p">{</span>
<span class="w">    </span><span class="n">ASSERT_DOUBLE_EQ</span><span class="p">(</span><span class="n">add</span><span class="p">(</span><span class="mf">0.1</span><span class="p">,</span><span class="mf">0.2</span><span class="p">),</span><span class="mf">0.3</span><span class="p">);</span>
<span class="w">  </span><span class="p">}</span>
</pre></div>
</div>
<p>But maybe you found the ‚Äòless than‚Äô assertion first and did this instead:</p>
<div class="highlight-cpp notranslate"><div class="highlight"><pre><span></span><span class="w">  </span><span class="cp">#include</span><span class="cpf">&lt;cmath&gt;</span>
<span class="w">  </span><span class="n">TEST</span><span class="p">(</span><span class="n">AddTests</span><span class="p">,</span><span class="w"> </span><span class="n">DoubleTest</span><span class="p">)</span>
<span class="w">  </span><span class="p">{</span>
<span class="w">    </span><span class="c1">//assert that add(0.1,0.2)-0.3 &lt; 1.0e-7 holds</span>
<span class="w">    </span><span class="n">ASSERT_LT</span><span class="p">(</span><span class="n">std</span><span class="o">::</span><span class="n">abs</span><span class="p">(</span><span class="n">add</span><span class="p">(</span><span class="mf">0.1</span><span class="p">,</span><span class="mf">0.2</span><span class="p">)</span><span class="mf">-0.3</span><span class="p">),</span><span class="mf">1.0e-7</span><span class="p">);</span>
<span class="w">  </span><span class="p">}</span>
</pre></div>
</div>
<p>This is OK but the <code class="docutils literal notranslate"><span class="pre">1.0e-7</span></code> can be a bit arbitrary. The first option is certainly more robust and recommended in the C++ case.</p>
</div></div>
</div></div>
</div>
<hr class="docutils" />
<div class="admonition-keypoints keypoints admonition" id="keypoints-0">
<p class="admonition-title">Keypoints</p>
<ul class="simple">
<li><p>Each test framework has its way of collecting and running all test functions, e.g. functions beginning with <code class="docutils literal notranslate"><span class="pre">test_</span></code> for <code class="docutils literal notranslate"><span class="pre">pytest</span></code>.</p></li>
<li><p>Python, Julia and C/C++ have better tooling for automated tests than Fortran and you can use those also for Fortran projects (via <code class="docutils literal notranslate"><span class="pre">iso_c_binding</span></code>).</p></li>
</ul>
</div>
</section>
</section>


           </div>
          </div>
          <footer><div class="rst-footer-buttons" role="navigation" aria-label="Footer">
        <a href="../motivation/" class="btn btn-neutral float-left" title="Motivation" accesskey="p" rel="prev"><span class="fa fa-arrow-circle-left" aria-hidden="true"></span> Previous</a>
        <a href="../continuous-integration/" class="btn btn-neutral float-right" title="Automated testing" accesskey="n" rel="next">Next <span class="fa fa-arrow-circle-right" aria-hidden="true"></span></a>
    </div>

  <hr/>

  <div role="contentinfo">
    <p>&#169; Copyright CodeRefinery contributors.</p>
  </div>

  Built with <a href="https://www.sphinx-doc.org/">Sphinx</a> using a
    <a href="https://github.com/readthedocs/sphinx_rtd_theme">theme</a>
    provided by <a href="https://readthedocs.org">Read the Docs</a>.
   

</footer>
        </div>
      </div>
    </section>
  </div>
  <script>
      jQuery(function () {
          SphinxRtdTheme.Navigation.enable(true);
      });
  </script> 

</body>
</html>